[ 2015-02-24T14:54:22+08:00 ] ERR: (ThinkException) Access denied for user 'root'@'localhost' (using password: NO)
[ 2015-02-24T14:55:30+08:00 ] 127.0.0.1 /tpexam/ajax/
INFO: [ app_begin ] --START--
INFO: Run ReadHtmlCache Behavior [ RunTime:0.000912s ]
INFO: [ app_begin ] --END-- [ RunTime:0.001003s ]
SQL: SHOW COLUMNS FROM `think_form` [ RunTime:0.082722s ]
SQL: SELECT * FROM `think_form` ORDER BY id desc LIMIT 3   [ RunTime:0.064565s ]
INFO: [ view_template ] --START--
INFO: Run LocationTemplate Behavior [ RunTime:0.002163s ]
INFO: [ view_template ] --END-- [ RunTime:0.002257s ]
INFO: [ view_parse ] --START--
INFO: Run ParseTemplate Behavior [ RunTime:0.084847s ]
INFO: [ view_parse ] --END-- [ RunTime:0.084962s ]
INFO: [ view_filter ] --START--
INFO: Run ContentReplace Behavior [ RunTime:0.005815s ]
INFO: Run TokenBuild Behavior [ RunTime:0.001154s ]
INFO: Run WriteHtmlCache Behavior [ RunTime:0.000949s ]
INFO: Run ShowRuntime Behavior [ RunTime:0.001182s ]
INFO: [ view_filter ] --END-- [ RunTime:0.009317s ]
INFO: [ view_end ] --START--
INFO: Run ShowPageTrace Behavior [ RunTime:0.001341s ]
INFO: [ view_end ] --END-- [ RunTime:0.001404s ]

[ 2015-02-24T15:58:55+08:00 ] ERR: (ThinkException) 无法加载模块:ddd
[ 2015-02-24T15:59:25+08:00 ] ERR: (ThinkException) 无法加载模块:city
[ 2015-02-24T15:59:30+08:00 ] ERR: (ThinkException) 无法加载模块:beijing
[ 2015-02-24T16:02:53+08:00 ] ERR: (ThinkException) 无法加载模块:city
[ 2015-02-24T16:03:02+08:00 ] ERR: (ThinkException) 无法加载模块:city
[ 2015-02-24T16:03:07+08:00 ] ERR: (ThinkException) 无法加载模块:city
[ 2015-02-24T16:03:11+08:00 ] 127.0.0.1 /tpexam/ajax/
INFO: [ app_begin ] --START--
INFO: Run ReadHtmlCache Behavior [ RunTime:0.001067s ]
INFO: [ app_begin ] --END-- [ RunTime:0.001154s ]
SQL: SHOW COLUMNS FROM `think_form` [ RunTime:0.004663s ]
SQL: SELECT * FROM `think_form` ORDER BY id desc LIMIT 3   [ RunTime:0.005171s ]
INFO: [ view_template ] --START--
INFO: Run LocationTemplate Behavior [ RunTime:0.001262s ]
INFO: [ view_template ] --END-- [ RunTime:0.001325s ]
INFO: [ view_parse ] --START--
INFO: Run ParseTemplate Behavior [ RunTime:0.029322s ]
INFO: [ view_parse ] --END-- [ RunTime:0.029395s ]
INFO: [ view_filter ] --START--
INFO: Run ContentReplace Behavior [ RunTime:0.000851s ]
INFO: Run TokenBuild Behavior [ RunTime:0.000795s ]
INFO: Run WriteHtmlCache Behavior [ RunTime:0.000717s ]
INFO: Run ShowRuntime Behavior [ RunTime:0.000871s ]
INFO: [ view_filter ] --END-- [ RunTime:0.003377s ]
INFO: [ view_end ] --START--
INFO: Run ShowPageTrace Behavior [ RunTime:0.001020s ]
INFO: [ view_end ] --END-- [ RunTime:0.001069s ]

[ 2015-02-24T16:03:22+08:00 ] ERR: (ThinkException) 无法加载模块:index
[ 2015-02-24T16:03:41+08:00 ] 127.0.0.1 /tpexam/ajax/index.php/Index
INFO: [ route_check ] --START--
INFO: Run CheckRoute Behavior [ RunTime:0.001348s ]
INFO: [ route_check ] --END-- [ RunTime:0.001429s ]
INFO: [ app_begin ] --START--
INFO: Run ReadHtmlCache Behavior [ RunTime:0.001048s ]
INFO: [ app_begin ] --END-- [ RunTime:0.001124s ]
SQL: SHOW COLUMNS FROM `think_form` [ RunTime:0.004322s ]
SQL: SELECT * FROM `think_form` ORDER BY id desc LIMIT 3   [ RunTime:0.004892s ]
INFO: [ view_template ] --START--
INFO: Run LocationTemplate Behavior [ RunTime:0.001159s ]
INFO: [ view_template ] --END-- [ RunTime:0.001220s ]
INFO: [ view_parse ] --START--
INFO: Run ParseTemplate Behavior [ RunTime:0.012303s ]
INFO: [ view_parse ] --END-- [ RunTime:0.012379s ]
INFO: [ view_filter ] --START--
INFO: Run ContentReplace Behavior [ RunTime:0.000764s ]
INFO: Run TokenBuild Behavior [ RunTime:0.000725s ]
INFO: Run WriteHtmlCache Behavior [ RunTime:0.000624s ]
INFO: Run ShowRuntime Behavior [ RunTime:0.000761s ]
INFO: [ view_filter ] --END-- [ RunTime:0.003037s ]
INFO: [ view_end ] --START--
INFO: Run ShowPageTrace Behavior [ RunTime:0.000877s ]
INFO: [ view_end ] --END-- [ RunTime:0.000943s ]

[ 2015-02-24T16:03:47+08:00 ] 127.0.0.1 /tpexam/ajax/index.php/City
INFO: [ route_check ] --START--
INFO: Run CheckRoute Behavior [ RunTime:0.001727s ]
INFO: [ route_check ] --END-- [ RunTime:0.001831s ]
INFO: [ app_begin ] --START--
INFO: Run ReadHtmlCache Behavior [ RunTime:0.001451s ]
INFO: [ app_begin ] --END-- [ RunTime:0.001551s ]

[ 2015-02-24T16:03:52+08:00 ] ERR: (ThinkException) 无法加载模块:add
[ 2015-02-24T16:03:58+08:00 ] 127.0.0.1 /tpexam/ajax/index.php
INFO: [ app_begin ] --START--
INFO: Run ReadHtmlCache Behavior [ RunTime:0.000948s ]
INFO: [ app_begin ] --END-- [ RunTime:0.001031s ]
SQL: SHOW COLUMNS FROM `think_form` [ RunTime:0.003806s ]
SQL: SELECT * FROM `think_form` ORDER BY id desc LIMIT 3   [ RunTime:0.136367s ]
INFO: [ view_template ] --START--
INFO: Run LocationTemplate Behavior [ RunTime:0.001126s ]
INFO: [ view_template ] --END-- [ RunTime:0.001187s ]
INFO: [ view_parse ] --START--
INFO: Run ParseTemplate Behavior [ RunTime:0.012826s ]
INFO: [ view_parse ] --END-- [ RunTime:0.012895s ]
INFO: [ view_filter ] --START--
INFO: Run ContentReplace Behavior [ RunTime:0.000807s ]
INFO: Run TokenBuild Behavior [ RunTime:0.000788s ]
INFO: Run WriteHtmlCache Behavior [ RunTime:0.000740s ]
INFO: Run ShowRuntime Behavior [ RunTime:0.000851s ]
INFO: [ view_filter ] --END-- [ RunTime:0.003335s ]
INFO: [ view_end ] --START--
INFO: Run ShowPageTrace Behavior [ RunTime:0.001033s ]
INFO: [ view_end ] --END-- [ RunTime:0.001084s ]

